<?xml version="1.0" encoding="UTF-8"?>
<testsuite name="Tests" tests="1" skipped="0" failures="0" errors="0" timestamp="2021-02-22T23:12:12" hostname="1099L-BBOSS" time="0.071">
  <properties/>
  <testcase name="testSolution" classname="Tests" time="0.071"/>
  <system-out><![CDATA[]]></system-out>
  <system-err><![CDATA[]]></system-err>
</testsuite>
