<?xml version="1.0" encoding="UTF-8"?>
<testsuite name="Tests" tests="1" skipped="0" failures="0" errors="0" timestamp="2021-03-18T21:21:42" hostname="1099L-BBOSS" time="0.382">
  <properties/>
  <testcase name="testSolution" classname="Tests" time="0.382"/>
  <system-out><![CDATA[]]></system-out>
  <system-err><![CDATA[]]></system-err>
</testsuite>
